SF:lib/src/util/localization_exceptions.dart
DA:5,1
DA:6,2
DA:9,2
DA:11,1
DA:14,1
DA:15,1
DA:36,1
DA:37,1
DA:58,1
DA:78,1
LF:10
LH:10
end_of_record
SF:lib/src/util/network_exception.dart
DA:61,1
DA:63,1
DA:64,1
DA:65,1
DA:67,1
DA:68,3
DA:69,1
DA:71,1
DA:73,1
DA:75,1
DA:79,1
DA:80,3
DA:85,2
DA:86,1
DA:89,1
DA:91,1
DA:92,1
DA:93,2
DA:95,1
DA:96,2
DA:98,1
DA:99,2
DA:101,1
DA:104,1
DA:105,2
DA:107,1
DA:108,2
DA:110,1
DA:111,2
DA:113,1
DA:114,2
DA:116,1
DA:117,2
DA:119,1
DA:120,2
DA:122,1
DA:123,2
DA:125,1
DA:126,2
DA:128,1
DA:129,2
DA:131,1
DA:132,2
DA:134,1
DA:137,1
DA:138,2
DA:140,1
DA:141,2
LF:48
LH:48
end_of_record
SF:lib/src/models/car.g.dart
DA:9,2
DA:10,1
DA:11,1
DA:12,1
DA:13,1
DA:14,1
DA:15,1
DA:18,2
DA:19,1
DA:20,1
DA:21,1
DA:22,1
DA:23,1
DA:24,1
LF:14
LH:14
end_of_record
SF:lib/src/models/car.dart
DA:21,2
LF:1
LH:1
end_of_record
